<?xml version="1.0" encoding="UTF-8"?>
<!-- Generated by org.testng.reporters.JUnitXMLReporter -->
<testsuite ignored="0" hostname="DESKTOP-73VT5SL" failures="0" tests="4" name="TestOnEmulator1" time="96.124" errors="0" timestamp="2024-01-08T12:09:39 IST">
  <testcase classname="Utilities.BaseClass" name="@BeforeClass setup" time="94.786">
    <failure type="org.openqa.selenium.SessionNotCreatedException" message="Could not start a new session. Response code 500. Message: An unknown server-side error occurred while processing the command. Original error: Error executing adbExec. Original error: &amp;apos;Command &amp;apos;C:\\Users\\Fleek\\AppData\\Local\\Android\\Sdk\\platform-tools\\adb.exe -P 5037 -s emulator-5554 shell pm clear org.plasticbank.app&amp;apos; timed out after 20000ms&amp;apos;. Try to increase the 20000ms adb execution timeout represented by &amp;apos;adbExecTimeout&amp;apos; capability 
Host info: host: &amp;apos;DESKTOP-73VT5SL&amp;apos;, ip: &amp;apos;192.168.1.124&amp;apos;
Build info: version: &amp;apos;4.13.0&amp;apos;, revision: &amp;apos;ba948ece5b*&amp;apos;
System info: os.name: &amp;apos;Windows 11&amp;apos;, os.arch: &amp;apos;amd64&amp;apos;, os.version: &amp;apos;10.0&amp;apos;, java.version: &amp;apos;17.0.6&amp;apos;
Driver info: io.appium.java_client.android.AndroidDriver
Command: [null, newSession {capabilities=[{appium:appActivity=org.plasticbank.app.MainActivity, appium:appPackage=org.plasticbank.app, appium:automationName=Appium, appium:newCommandTimeout=9000, platformName=ANDROID, appium:platformVersion=11.0, appium:udid=emulator-5554}], desiredCapabilities=Capabilities {appActivity: org.plasticbank.app.MainAct..., appPackage: org.plasticbank.app, automationName: Appium, newCommandTimeout: 9000, platformName: ANDROID, platformVersion: 11.0, udid: emulator-5554}}]
Capabilities {appActivity: org.plasticbank.app.MainAct..., appPackage: org.plasticbank.app, automationName: Appium, newCommandTimeout: 9000, platformName: ANDROID, platformVersion: 11.0, udid: emulator-5554}">
      <![CDATA[org.openqa.selenium.SessionNotCreatedException: Could not start a new session. Response code 500. Message: An unknown server-side error occurred while processing the command. Original error: Error executing adbExec. Original error: 'Command 'C:\\Users\\Fleek\\AppData\\Local\\Android\\Sdk\\platform-tools\\adb.exe -P 5037 -s emulator-5554 shell pm clear org.plasticbank.app' timed out after 20000ms'. Try to increase the 20000ms adb execution timeout represented by 'adbExecTimeout' capability 
Host info: host: 'DESKTOP-73VT5SL', ip: '192.168.1.124'
Build info: version: '4.13.0', revision: 'ba948ece5b*'
System info: os.name: 'Windows 11', os.arch: 'amd64', os.version: '10.0', java.version: '17.0.6'
Driver info: io.appium.java_client.android.AndroidDriver
Command: [null, newSession {capabilities=[{appium:appActivity=org.plasticbank.app.MainActivity, appium:appPackage=org.plasticbank.app, appium:automationName=Appium, appium:newCommandTimeout=9000, platformName=ANDROID, appium:platformVersion=11.0, appium:udid=emulator-5554}], desiredCapabilities=Capabilities {appActivity: org.plasticbank.app.MainAct..., appPackage: org.plasticbank.app, automationName: Appium, newCommandTimeout: 9000, platformName: ANDROID, platformVersion: 11.0, udid: emulator-5554}}]
Capabilities {appActivity: org.plasticbank.app.MainAct..., appPackage: org.plasticbank.app, automationName: Appium, newCommandTimeout: 9000, platformName: ANDROID, platformVersion: 11.0, udid: emulator-5554}
at org.openqa.selenium.remote.ProtocolHandshake.createSession(ProtocolHandshake.java:140)
at io.appium.java_client.remote.AppiumProtocolHandshake.createSession(AppiumProtocolHandshake.java:133)
at io.appium.java_client.remote.AppiumProtocolHandshake.createSession(AppiumProtocolHandshake.java:102)
at io.appium.java_client.remote.AppiumCommandExecutor.createSession(AppiumCommandExecutor.java:182)
at io.appium.java_client.remote.AppiumCommandExecutor.execute(AppiumCommandExecutor.java:250)
at org.openqa.selenium.remote.RemoteWebDriver.execute(RemoteWebDriver.java:602)
at io.appium.java_client.AppiumDriver.startSession(AppiumDriver.java:274)
at org.openqa.selenium.remote.RemoteWebDriver.<init>(RemoteWebDriver.java:163)
at io.appium.java_client.AppiumDriver.<init>(AppiumDriver.java:89)
at io.appium.java_client.AppiumDriver.<init>(AppiumDriver.java:101)
at io.appium.java_client.android.AndroidDriver.<init>(AndroidDriver.java:113)
at Utilities.BaseClass.setup(BaseClass.java:168)
at java.base/java.util.ArrayList.forEach(ArrayList.java:1511)
at java.base/java.util.concurrent.FutureTask.run(FutureTask.java:264)
at java.base/java.util.concurrent.ThreadPoolExecutor.runWorker(ThreadPoolExecutor.java:1136)
at java.base/java.util.concurrent.ThreadPoolExecutor$Worker.run(ThreadPoolExecutor.java:635)
at java.base/java.lang.Thread.run(Thread.java:833)
... Removed 19 stack frames]]>
    </failure>
  </testcase> <!-- @BeforeClass setup -->
  <testcase classname="Utilities.BaseClass" name="@AfterMethod afterMethod" time="0.0">
    <skipped/>
  </testcase> <!-- @AfterMethod afterMethod -->
  <testcase classname="Utilities.BaseClass" name="@AfterMethod afterMethod" time="0.0">
    <skipped/>
  </testcase> <!-- @AfterMethod afterMethod -->
  <testcase classname="Utilities.BaseClass" name="@AfterMethod afterMethod" time="0.0">
    <skipped/>
  </testcase> <!-- @AfterMethod afterMethod -->
  <testcase classname="Utilities.BaseClass" name="@AfterMethod afterMethod" time="0.0">
    <skipped/>
  </testcase> <!-- @AfterMethod afterMethod -->
  <testcase classname="Utilities.BaseClass" name="@AfterClass teardownalchemy" time="0.0">
    <skipped/>
  </testcase> <!-- @AfterClass teardownalchemy -->
  <testcase classname="Utilities.BaseClass" name="@AfterClass teardownapp" time="0.0">
    <skipped/>
  </testcase> <!-- @AfterClass teardownapp -->
  <testcase classname="smoke_Suite.ALC_347" name="create_a_member_with_tokens" time="0.0">
    <skipped/>
  </testcase> <!-- create_a_member_with_tokens -->
  <testcase classname="smoke_Suite.ALC_347" name="verify_tokens_present_in_app" time="0.0">
    <skipped/>
  </testcase> <!-- verify_tokens_present_in_app -->
  <testcase classname="smoke_Suite.ALC_347" name="reclaim_tokens_on_alchemy" time="0.0">
    <skipped/>
  </testcase> <!-- reclaim_tokens_on_alchemy -->
  <testcase classname="smoke_Suite.ALC_347" name="verify_tokens_not_present_in_app" time="0.0">
    <skipped/>
  </testcase> <!-- verify_tokens_not_present_in_app -->
</testsuite> <!-- TestOnEmulator1 -->
