{"uid":"a729aef13c70ac43","name":"Ensure that tokens have deducted and after deduction same tokens are present in member wallet on both Alchemy and app.","fullName":"smoke_Suite.ALC_4871_new.checktokens","historyId":"a3b5734425f47b3feaae6e9aa980c4d8","time":{"start":1718195325072,"stop":1718195406028,"duration":80956},"description":"Ensure that tokens have deducted and after deduction same tokens are present in member wallet on both Alchemy and app.","descriptionHtml":"<p>Ensure that tokens have deducted and after deduction same tokens are present in member wallet on both Alchemy and app.</p>\n","status":"broken","statusMessage":"java.lang.reflect.InvocationTargetException\nBuild info: version: '4.13.0', revision: 'ba948ece5b*'\nSystem info: os.name: 'Windows 11', os.arch: 'amd64', os.version: '10.0', java.version: '17.0.6'\nDriver info: org.openqa.selenium.chrome.ChromeDriver\nCommand: [f34d8cf27906b6aef938ef7b10f55a61, actions {actions=[org.openqa.selenium.interactions.Sequence@72b689f6]}]\nCapabilities {acceptInsecureCerts: false, browserName: chrome, browserVersion: 125.0.6422.142, chrome: {chromedriverVersion: 125.0.6422.141 (4b1e8393712..., userDataDir: C:\\Users\\Fleek\\AppData\\Loca...}, fedcm:accounts: true, goog:chromeOptions: {debuggerAddress: localhost:65468}, networkConnectionEnabled: false, pageLoadStrategy: normal, platformName: windows, proxy: Proxy(), se:cdp: ws://localhost:65468/devtoo..., se:cdpVersion: 125.0.6422.142, setWindowRect: true, strictFileInteractability: false, timeouts: {implicit: 0, pageLoad: 300000, script: 30000}, unhandledPromptBehavior: dismiss and notify, webauthn:extension:credBlob: true, webauthn:extension:largeBlob: true, webauthn:extension:minPinLength: true, webauthn:extension:prf: true, webauthn:virtualAuthenticators: true}\nSession ID: f34d8cf27906b6aef938ef7b10f55a61","statusTrace":"org.openqa.selenium.json.JsonException: java.lang.reflect.InvocationTargetException\nBuild info: version: '4.13.0', revision: 'ba948ece5b*'\nSystem info: os.name: 'Windows 11', os.arch: 'amd64', os.version: '10.0', java.version: '17.0.6'\nDriver info: org.openqa.selenium.chrome.ChromeDriver\nCommand: [f34d8cf27906b6aef938ef7b10f55a61, actions {actions=[org.openqa.selenium.interactions.Sequence@72b689f6]}]\nCapabilities {acceptInsecureCerts: false, browserName: chrome, browserVersion: 125.0.6422.142, chrome: {chromedriverVersion: 125.0.6422.141 (4b1e8393712..., userDataDir: C:\\Users\\Fleek\\AppData\\Loca...}, fedcm:accounts: true, goog:chromeOptions: {debuggerAddress: localhost:65468}, networkConnectionEnabled: false, pageLoadStrategy: normal, platformName: windows, proxy: Proxy(), se:cdp: ws://localhost:65468/devtoo..., se:cdpVersion: 125.0.6422.142, setWindowRect: true, strictFileInteractability: false, timeouts: {implicit: 0, pageLoad: 300000, script: 30000}, unhandledPromptBehavior: dismiss and notify, webauthn:extension:credBlob: true, webauthn:extension:largeBlob: true, webauthn:extension:minPinLength: true, webauthn:extension:prf: true, webauthn:virtualAuthenticators: true}\nSession ID: f34d8cf27906b6aef938ef7b10f55a61\r\n\tat org.openqa.selenium.json.JsonOutput.convertUsingMethod(JsonOutput.java:520)\r\n\tat org.openqa.selenium.json.JsonOutput.lambda$new$16(JsonOutput.java:182)\r\n\tat org.openqa.selenium.json.JsonOutput.write0(JsonOutput.java:409)\r\n\tat org.openqa.selenium.json.JsonOutput.lambda$new$22(JsonOutput.java:204)\r\n\tat java.base/java.util.stream.ForEachOps$ForEachOp$OfRef.accept(ForEachOps.java:183)\r\n\tat java.base/java.util.stream.ReferencePipeline$2$1.accept(ReferencePipeline.java:179)\r\n\tat java.base/java.util.Iterator.forEachRemaining(Iterator.java:133)\r\n\tat java.base/java.util.Spliterators$IteratorSpliterator.forEachRemaining(Spliterators.java:1845)\r\n\tat java.base/java.util.stream.AbstractPipeline.copyInto(AbstractPipeline.java:509)\r\n\tat java.base/java.util.stream.AbstractPipeline.wrapAndCopyInto(AbstractPipeline.java:499)\r\n\tat java.base/java.util.stream.ForEachOps$ForEachOp.evaluateSequential(ForEachOps.java:150)\r\n\tat java.base/java.util.stream.ForEachOps$ForEachOp$OfRef.evaluateSequential(ForEachOps.java:173)\r\n\tat java.base/java.util.stream.AbstractPipeline.evaluate(AbstractPipeline.java:234)\r\n\tat java.base/java.util.stream.ReferencePipeline.forEach(ReferencePipeline.java:596)\r\n\tat org.openqa.selenium.json.JsonOutput.lambda$new$23(JsonOutput.java:204)\r\n\tat org.openqa.selenium.json.JsonOutput.write0(JsonOutput.java:409)\r\n\tat org.openqa.selenium.json.JsonOutput.lambda$new$24(JsonOutput.java:222)\r\n\tat com.google.common.collect.SingletonImmutableBiMap.forEach(SingletonImmutableBiMap.java:68)\r\n\tat org.openqa.selenium.json.JsonOutput.lambda$new$25(JsonOutput.java:217)\r\n\tat org.openqa.selenium.json.JsonOutput.write0(JsonOutput.java:409)\r\n\tat org.openqa.selenium.json.JsonOutput.write(JsonOutput.java:400)\r\n\tat org.openqa.selenium.json.Json.toJson(Json.java:133)\r\n\tat org.openqa.selenium.json.Json.toJson(Json.java:119)\r\n\tat org.openqa.selenium.remote.codec.AbstractHttpCommandCodec.encode(AbstractHttpCommandCodec.java:273)\r\n\tat org.openqa.selenium.remote.codec.AbstractHttpCommandCodec.encode(AbstractHttpCommandCodec.java:127)\r\n\tat org.openqa.selenium.remote.HttpCommandExecutor.execute(HttpCommandExecutor.java:179)\r\n\tat org.openqa.selenium.remote.service.DriverCommandExecutor.invokeExecute(DriverCommandExecutor.java:196)\r\n\tat org.openqa.selenium.remote.service.DriverCommandExecutor.execute(DriverCommandExecutor.java:171)\r\n\tat org.openqa.selenium.remote.RemoteWebDriver.execute(RemoteWebDriver.java:602)\r\n\tat org.openqa.selenium.remote.RemoteWebDriver.perform(RemoteWebDriver.java:688)\r\n\tat org.openqa.selenium.interactions.Actions$BuiltAction.perform(Actions.java:605)\r\n\tat Utilities.BaseClass.takescreenshotof(BaseClass.java:273)\r\n\tat alchemy_Pages.Reports.transactionStatusInAlchemyReportsforgcash(Reports.java:82)\r\n\tat smoke_Suite.ALC_4871_new.checktokens(ALC_4871_new.java:50)\r\n\tat java.base/jdk.internal.reflect.NativeMethodAccessorImpl.invoke0(Native Method)\r\n\tat java.base/jdk.internal.reflect.NativeMethodAccessorImpl.invoke(NativeMethodAccessorImpl.java:77)\r\n\tat java.base/jdk.internal.reflect.DelegatingMethodAccessorImpl.invoke(DelegatingMethodAccessorImpl.java:43)\r\n\tat java.base/java.lang.reflect.Method.invoke(Method.java:568)\r\n\tat org.testng.internal.invokers.MethodInvocationHelper.invokeMethod(MethodInvocationHelper.java:139)\r\n\tat org.testng.internal.invokers.TestInvoker.invokeMethod(TestInvoker.java:664)\r\n\tat org.testng.internal.invokers.TestInvoker.invokeTestMethod(TestInvoker.java:227)\r\n\tat org.testng.internal.invokers.MethodRunner.runInSequence(MethodRunner.java:50)\r\n\tat org.testng.internal.invokers.TestInvoker$MethodInvocationAgent.invoke(TestInvoker.java:957)\r\n\tat org.testng.internal.invokers.TestInvoker.invokeTestMethods(TestInvoker.java:200)\r\n\tat org.testng.internal.invokers.TestMethodWorker.invokeTestMethods(TestMethodWorker.java:148)\r\n\tat org.testng.internal.invokers.TestMethodWorker.run(TestMethodWorker.java:128)\r\n\tat java.base/java.util.ArrayList.forEach(ArrayList.java:1511)\r\n\tat org.testng.TestRunner.privateRun(TestRunner.java:848)\r\n\tat org.testng.TestRunner.run(TestRunner.java:621)\r\n\tat org.testng.SuiteRunner.runTest(SuiteRunner.java:443)\r\n\tat org.testng.SuiteRunner.runSequentially(SuiteRunner.java:437)\r\n\tat org.testng.SuiteRunner.privateRun(SuiteRunner.java:397)\r\n\tat org.testng.SuiteRunner.run(SuiteRunner.java:336)\r\n\tat org.testng.SuiteRunnerWorker.runSuite(SuiteRunnerWorker.java:52)\r\n\tat org.testng.SuiteRunnerWorker.run(SuiteRunnerWorker.java:95)\r\n\tat org.testng.TestNG.runSuitesSequentially(TestNG.java:1280)\r\n\tat org.testng.TestNG.runSuitesLocally(TestNG.java:1200)\r\n\tat org.testng.TestNG.runSuites(TestNG.java:1114)\r\n\tat org.testng.TestNG.run(TestNG.java:1082)\r\n\tat org.testng.remote.AbstractRemoteTestNG.run(AbstractRemoteTestNG.java:115)\r\n\tat org.testng.remote.RemoteTestNG.initAndRun(RemoteTestNG.java:251)\r\n\tat org.testng.remote.RemoteTestNG.main(RemoteTestNG.java:77)\r\n\tSuppressed: org.openqa.selenium.json.JsonException: Attempting to close incomplete json stream\nBuild info: version: '4.13.0', revision: 'ba948ece5b*'\nSystem info: os.name: 'Windows 11', os.arch: 'amd64', os.version: '10.0', java.version: '17.0.6'\nDriver info: driver.version: RemoteWebDriver\r\n\t\tat org.openqa.selenium.json.JsonOutput.close(JsonOutput.java:431)\r\n\t\tat org.openqa.selenium.json.Json.toJson(Json.java:131)\r\n\t\t... 40 more\r\nCaused by: java.lang.reflect.InvocationTargetException\r\n\tat jdk.internal.reflect.GeneratedMethodAccessor23.invoke(Unknown Source)\r\n\tat java.base/jdk.internal.reflect.DelegatingMethodAccessorImpl.invoke(DelegatingMethodAccessorImpl.java:43)\r\n\tat java.base/java.lang.reflect.Method.invoke(Method.java:568)\r\n\tat org.openqa.selenium.json.JsonOutput.convertUsingMethod(JsonOutput.java:516)\r\n\t... 61 more\r\nCaused by: org.openqa.selenium.NoSuchElementException: no such element: Unable to locate element: {\"method\":\"xpath\",\"selector\":\"//div[text()='Token Exchange History']/following::tr/td/div/div[text()=' pending ']\"}\n  (Session info: chrome=125.0.6422.142)\nFor documentation on this error, please visit: https://www.selenium.dev/documentation/webdriver/troubleshooting/errors#no-such-element-exception\nBuild info: version: '4.13.0', revision: 'ba948ece5b*'\nSystem info: os.name: 'Windows 11', os.arch: 'amd64', os.version: '10.0', java.version: '17.0.6'\nDriver info: org.openqa.selenium.chrome.ChromeDriver\nCommand: [f34d8cf27906b6aef938ef7b10f55a61, findElement {using=xpath, value=//div[text()='Token Exchange History']/following::tr/td/div/div[text()=' pending ']}]\nCapabilities {acceptInsecureCerts: false, browserName: chrome, browserVersion: 125.0.6422.142, chrome: {chromedriverVersion: 125.0.6422.141 (4b1e8393712..., userDataDir: C:\\Users\\Fleek\\AppData\\Loca...}, fedcm:accounts: true, goog:chromeOptions: {debuggerAddress: localhost:65468}, networkConnectionEnabled: false, pageLoadStrategy: normal, platformName: windows, proxy: Proxy(), se:cdp: ws://localhost:65468/devtoo..., se:cdpVersion: 125.0.6422.142, setWindowRect: true, strictFileInteractability: false, timeouts: {implicit: 0, pageLoad: 300000, script: 30000}, unhandledPromptBehavior: dismiss and notify, webauthn:extension:credBlob: true, webauthn:extension:largeBlob: true, webauthn:extension:minPinLength: true, webauthn:extension:prf: true, webauthn:virtualAuthenticators: true}\nSession ID: f34d8cf27906b6aef938ef7b10f55a61\r\n\tat java.base/jdk.internal.reflect.NativeConstructorAccessorImpl.newInstance0(Native Method)\r\n\tat java.base/jdk.internal.reflect.NativeConstructorAccessorImpl.newInstance(NativeConstructorAccessorImpl.java:77)\r\n\tat java.base/jdk.internal.reflect.DelegatingConstructorAccessorImpl.newInstance(DelegatingConstructorAccessorImpl.java:45)\r\n\tat java.base/java.lang.reflect.Constructor.newInstanceWithCaller(Constructor.java:499)\r\n\tat java.base/java.lang.reflect.Constructor.newInstance(Constructor.java:480)\r\n\tat org.openqa.selenium.remote.codec.w3c.W3CHttpResponseCodec.createException(W3CHttpResponseCodec.java:200)\r\n\tat org.openqa.selenium.remote.codec.w3c.W3CHttpResponseCodec.decode(W3CHttpResponseCodec.java:133)\r\n\tat org.openqa.selenium.remote.codec.w3c.W3CHttpResponseCodec.decode(W3CHttpResponseCodec.java:52)\r\n\tat org.openqa.selenium.remote.HttpCommandExecutor.execute(HttpCommandExecutor.java:191)\r\n\tat org.openqa.selenium.remote.service.DriverCommandExecutor.invokeExecute(DriverCommandExecutor.java:196)\r\n\tat org.openqa.selenium.remote.service.DriverCommandExecutor.execute(DriverCommandExecutor.java:171)\r\n\tat org.openqa.selenium.remote.RemoteWebDriver.execute(RemoteWebDriver.java:602)\r\n\tat org.openqa.selenium.remote.ElementLocation$ElementFinder$2.findElement(ElementLocation.java:165)\r\n\tat org.openqa.selenium.remote.ElementLocation.findElement(ElementLocation.java:59)\r\n\tat org.openqa.selenium.remote.RemoteWebDriver.findElement(RemoteWebDriver.java:359)\r\n\tat org.openqa.selenium.remote.RemoteWebDriver.findElement(RemoteWebDriver.java:353)\r\n\tat org.openqa.selenium.support.pagefactory.DefaultElementLocator.findElement(DefaultElementLocator.java:68)\r\n\tat org.openqa.selenium.support.pagefactory.internal.LocatingElementHandler.invoke(LocatingElementHandler.java:38)\r\n\tat jdk.proxy2/jdk.proxy2.$Proxy22.getWrappedElement(Unknown Source)\r\n\tat org.openqa.selenium.interactions.PointerInput$Origin.asArg(PointerInput.java:259)\r\n\tat org.openqa.selenium.interactions.PointerInput$Move.encode(PointerInput.java:208)\r\n\tat org.openqa.selenium.interactions.Sequence.encode(Sequence.java:72)\r\n\tat org.openqa.selenium.interactions.Sequence.toJson(Sequence.java:81)\r\n\t... 65 more\r\n","flaky":false,"newFailed":false,"newBroken":false,"newPassed":false,"retriesCount":9,"retriesStatusChange":true,"beforeStages":[{"name":"generateAndroidBenefitname","time":{"start":1718195072022,"stop":1718195072028,"duration":6},"description":"","status":"passed","steps":[],"attachments":[],"parameters":[],"stepsCount":0,"hasContent":false,"attachmentsCount":0,"shouldDisplayMessage":false},{"name":"generateBenefitName","time":{"start":1718195072030,"stop":1718195072030,"duration":0},"description":"","status":"passed","steps":[],"attachments":[],"parameters":[],"stepsCount":0,"hasContent":false,"attachmentsCount":0,"shouldDisplayMessage":false},{"name":"generateBenefitOrderName","time":{"start":1718195072030,"stop":1718195072030,"duration":0},"description":"","status":"passed","steps":[],"attachments":[],"parameters":[],"stepsCount":0,"hasContent":false,"attachmentsCount":0,"shouldDisplayMessage":false},{"name":"generateBonusName","time":{"start":1718195072031,"stop":1718195072031,"duration":0},"description":"","status":"passed","steps":[],"attachments":[],"parameters":[],"stepsCount":0,"hasContent":false,"attachmentsCount":0,"shouldDisplayMessage":false},{"name":"generateBranchMemberName","time":{"start":1718195072031,"stop":1718195072031,"duration":0},"description":"","status":"passed","steps":[],"attachments":[],"parameters":[],"stepsCount":0,"hasContent":false,"attachmentsCount":0,"shouldDisplayMessage":false},{"name":"generateBranchName","time":{"start":1718195072032,"stop":1718195072032,"duration":0},"description":"","status":"passed","steps":[],"attachments":[],"parameters":[],"stepsCount":0,"hasContent":false,"attachmentsCount":0,"shouldDisplayMessage":false},{"name":"generateRandomBranchMemberNumber","time":{"start":1718195072032,"stop":1718195072032,"duration":0},"description":"","status":"passed","steps":[],"attachments":[],"parameters":[],"stepsCount":0,"hasContent":false,"attachmentsCount":0,"shouldDisplayMessage":false},{"name":"generateRandomLastName","time":{"start":1718195072034,"stop":1718195072034,"duration":0},"description":"","status":"passed","steps":[],"attachments":[],"parameters":[],"stepsCount":0,"hasContent":false,"attachmentsCount":0,"shouldDisplayMessage":false},{"name":"generateRandomNumber","time":{"start":1718195072035,"stop":1718195072035,"duration":0},"description":"","status":"passed","steps":[],"attachments":[],"parameters":[],"stepsCount":0,"hasContent":false,"attachmentsCount":0,"shouldDisplayMessage":false},{"name":"setup","time":{"start":1718195072063,"stop":1718195102818,"duration":30755},"description":"","status":"passed","steps":[],"attachments":[],"parameters":[],"stepsCount":0,"hasContent":false,"attachmentsCount":0,"shouldDisplayMessage":false}],"afterStages":[{"name":"afterMethod","time":{"start":1718195406038,"stop":1718195406515,"duration":477},"description":"","status":"passed","steps":[],"attachments":[{"uid":"eaed1a0886f9b9b8","name":"Screenshot","source":"eaed1a0886f9b9b8.png","type":"image/png","size":163880},{"uid":"7f98a866063761fe","name":"Screenshot_pb","source":"7f98a866063761fe.png","type":"image/png","size":186413}],"parameters":[],"stepsCount":0,"hasContent":true,"attachmentsCount":2,"shouldDisplayMessage":false},{"name":"teardownalchemy","time":{"start":1718195483591,"stop":1718195484516,"duration":925},"description":"","status":"passed","steps":[],"attachments":[],"parameters":[],"stepsCount":0,"hasContent":false,"attachmentsCount":0,"shouldDisplayMessage":false},{"name":"teardownapp","time":{"start":1718195484518,"stop":1718195485059,"duration":541},"description":"","status":"passed","steps":[],"attachments":[],"parameters":[],"stepsCount":0,"hasContent":false,"attachmentsCount":0,"shouldDisplayMessage":false}],"labels":[{"name":"package","value":"smoke_Suite.ALC_4871_new"},{"name":"testClass","value":"smoke_Suite.ALC_4871_new"},{"name":"testMethod","value":"checktokens"},{"name":"parentSuite","value":"Default suite"},{"name":"suite","value":"Default test"},{"name":"subSuite","value":"smoke_Suite.ALC_4871_new"},{"name":"host","value":"DESKTOP-73VT5SL"},{"name":"thread","value":"4228@DESKTOP-73VT5SL.main(1)"},{"name":"framework","value":"testng"},{"name":"language","value":"java"},{"name":"resultFormat","value":"allure2"}],"parameters":[],"links":[],"hidden":false,"retry":false,"extra":{"severity":"normal","retries":[{"uid":"a50a44050ecc608b","status":"broken","statusDetails":"java.lang.reflect.InvocationTargetException\nBuild info: version: '4.13.0', revision: 'ba948ece5b*'\nSystem info: os.name: 'Windows 11', os.arch: 'amd64', os.version: '10.0', java.version: '17.0.6'\nDriver info: org.openqa.selenium.chrome.ChromeDriver\nCommand: [80ae62f39d2bf4963ed9711969a426e4, actions {actions=[org.openqa.selenium.interactions.Sequence@73c1dda3]}]\nCapabilities {acceptInsecureCerts: false, browserName: chrome, browserVersion: 125.0.6422.142, chrome: {chromedriverVersion: 125.0.6422.141 (4b1e8393712..., userDataDir: C:\\Users\\Fleek\\AppData\\Loca...}, fedcm:accounts: true, goog:chromeOptions: {debuggerAddress: localhost:51569}, networkConnectionEnabled: false, pageLoadStrategy: normal, platformName: windows, proxy: Proxy(), se:cdp: ws://localhost:51569/devtoo..., se:cdpVersion: 125.0.6422.142, setWindowRect: true, strictFileInteractability: false, timeouts: {implicit: 0, pageLoad: 300000, script: 30000}, unhandledPromptBehavior: dismiss and notify, webauthn:extension:credBlob: true, webauthn:extension:largeBlob: true, webauthn:extension:minPinLength: true, webauthn:extension:prf: true, webauthn:virtualAuthenticators: true}\nSession ID: 80ae62f39d2bf4963ed9711969a426e4","time":{"start":1718194631131,"stop":1718194692515,"duration":61384}},{"uid":"bd5fd3473c10a00a","status":"passed","time":{"start":1718192616732,"stop":1718192641487,"duration":24755}},{"uid":"e604157d8abbb178","status":"broken","statusDetails":"java.lang.reflect.InvocationTargetException\nBuild info: version: '4.13.0', revision: 'ba948ece5b*'\nSystem info: os.name: 'Windows 11', os.arch: 'amd64', os.version: '10.0', java.version: '17.0.6'\nDriver info: org.openqa.selenium.chrome.ChromeDriver\nCommand: [b1dfc2d38428bbd8d71f7f1a2efa7f95, actions {actions=[org.openqa.selenium.interactions.Sequence@64ba5a71]}]\nCapabilities {acceptInsecureCerts: false, browserName: chrome, browserVersion: 125.0.6422.142, chrome: {chromedriverVersion: 125.0.6422.141 (4b1e8393712..., userDataDir: C:\\Users\\Fleek\\AppData\\Loca...}, fedcm:accounts: true, goog:chromeOptions: {debuggerAddress: localhost:58363}, networkConnectionEnabled: false, pageLoadStrategy: normal, platformName: windows, proxy: Proxy(), se:cdp: ws://localhost:58363/devtoo..., se:cdpVersion: 125.0.6422.142, setWindowRect: true, strictFileInteractability: false, timeouts: {implicit: 0, pageLoad: 300000, script: 30000}, unhandledPromptBehavior: dismiss and notify, webauthn:extension:credBlob: true, webauthn:extension:largeBlob: true, webauthn:extension:minPinLength: true, webauthn:extension:prf: true, webauthn:virtualAuthenticators: true}\nSession ID: b1dfc2d38428bbd8d71f7f1a2efa7f95","time":{"start":1718191935241,"stop":1718191997123,"duration":61882}},{"uid":"4f7995f2753b47c7","status":"passed","time":{"start":1718190948903,"stop":1718190975748,"duration":26845}},{"uid":"6b36163d0adb060c","status":"broken","statusDetails":"java.lang.reflect.InvocationTargetException\nBuild info: version: '4.13.0', revision: 'ba948ece5b*'\nSystem info: os.name: 'Windows 11', os.arch: 'amd64', os.version: '10.0', java.version: '17.0.6'\nDriver info: org.openqa.selenium.chrome.ChromeDriver\nCommand: [6e015ae34ad65bb3076115f309021dec, actions {actions=[org.openqa.selenium.interactions.Sequence@4557723a]}]\nCapabilities {acceptInsecureCerts: false, browserName: chrome, browserVersion: 125.0.6422.142, chrome: {chromedriverVersion: 125.0.6422.141 (4b1e8393712..., userDataDir: C:\\Users\\Fleek\\AppData\\Loca...}, fedcm:accounts: true, goog:chromeOptions: {debuggerAddress: localhost:57459}, networkConnectionEnabled: false, pageLoadStrategy: normal, platformName: windows, proxy: Proxy(), se:cdp: ws://localhost:57459/devtoo..., se:cdpVersion: 125.0.6422.142, setWindowRect: true, strictFileInteractability: false, timeouts: {implicit: 0, pageLoad: 300000, script: 30000}, unhandledPromptBehavior: dismiss and notify, webauthn:extension:credBlob: true, webauthn:extension:largeBlob: true, webauthn:extension:minPinLength: true, webauthn:extension:prf: true, webauthn:virtualAuthenticators: true}\nSession ID: 6e015ae34ad65bb3076115f309021dec","time":{"start":1718189709065,"stop":1718189770924,"duration":61859}},{"uid":"d1ca8fcf57ce3d8e","status":"passed","time":{"start":1718186192165,"stop":1718186215866,"duration":23701}},{"uid":"98a2345858bf644c","status":"broken","statusDetails":"java.lang.reflect.InvocationTargetException\nBuild info: version: '4.13.0', revision: 'ba948ece5b*'\nSystem info: os.name: 'Windows 11', os.arch: 'amd64', os.version: '10.0', java.version: '17.0.6'\nDriver info: org.openqa.selenium.chrome.ChromeDriver\nCommand: [962857f02ed8c7b53d1635ad5d415f66, actions {actions=[org.openqa.selenium.interactions.Sequence@46c92d27]}]\nCapabilities {acceptInsecureCerts: false, browserName: chrome, browserVersion: 125.0.6422.142, chrome: {chromedriverVersion: 125.0.6422.141 (4b1e8393712..., userDataDir: C:\\Users\\Fleek\\AppData\\Loca...}, fedcm:accounts: true, goog:chromeOptions: {debuggerAddress: localhost:56612}, networkConnectionEnabled: false, pageLoadStrategy: normal, platformName: windows, proxy: Proxy(), se:cdp: ws://localhost:56612/devtoo..., se:cdpVersion: 125.0.6422.142, setWindowRect: true, strictFileInteractability: false, timeouts: {implicit: 0, pageLoad: 300000, script: 30000}, unhandledPromptBehavior: dismiss and notify, webauthn:extension:credBlob: true, webauthn:extension:largeBlob: true, webauthn:extension:minPinLength: true, webauthn:extension:prf: true, webauthn:virtualAuthenticators: true}\nSession ID: 962857f02ed8c7b53d1635ad5d415f66","time":{"start":1718018187702,"stop":1718018249355,"duration":61653}},{"uid":"4ce6e4a221aa03a1","status":"passed","time":{"start":1717593754833,"stop":1717593782227,"duration":27394}},{"uid":"4caaa35da7f2c14c","status":"broken","statusDetails":"stale element reference: stale element not found in the current frame\n  (Session info: chrome=125.0.6422.142)\nFor documentation on this error, please visit: https://www.selenium.dev/documentation/webdriver/troubleshooting/errors#stale-element-reference-exception\nBuild info: version: '4.13.0', revision: 'ba948ece5b*'\nSystem info: os.name: 'Windows 11', os.arch: 'amd64', os.version: '10.0', java.version: '17.0.6'\nDriver info: org.openqa.selenium.chrome.ChromeDriver\nCommand: [f062d3cde45c45dfac60af5be3945666, isElementDisplayed {id=f.D49A5EF8797B6EE312950783C9DB8B77.d.DE25E699AE8F8B314541520CE3F029A3.e.581}]\nCapabilities {acceptInsecureCerts: false, browserName: chrome, browserVersion: 125.0.6422.142, chrome: {chromedriverVersion: 125.0.6422.141 (4b1e8393712..., userDataDir: C:\\Users\\Fleek\\AppData\\Loca...}, fedcm:accounts: true, goog:chromeOptions: {debuggerAddress: localhost:58438}, networkConnectionEnabled: false, pageLoadStrategy: normal, platformName: windows, proxy: Proxy(), se:cdp: ws://localhost:58438/devtoo..., se:cdpVersion: 125.0.6422.142, setWindowRect: true, strictFileInteractability: false, timeouts: {implicit: 0, pageLoad: 300000, script: 30000}, unhandledPromptBehavior: dismiss and notify, webauthn:extension:credBlob: true, webauthn:extension:largeBlob: true, webauthn:extension:minPinLength: true, webauthn:extension:prf: true, webauthn:virtualAuthenticators: true}\nElement: [[ChromeDriver: chrome on windows (f062d3cde45c45dfac60af5be3945666)] -> xpath: //div[text()='Token Exchange History']/following::tr/td/div/div[text()=' completed ']]\nSession ID: f062d3cde45c45dfac60af5be3945666","time":{"start":1717593466391,"stop":1717593467997,"duration":1606}}],"categories":[{"name":"Test defects","matchedStatuses":[],"flaky":false}],"tags":[]},"source":"a729aef13c70ac43.json","parameterValues":[]}